<?xml version="1.0" encoding="UTF-8"?>
<!-- Generated by org.testng.reporters.JUnitReportReporter -->
<testsuite skipped="0" hostname="Venkat" name="Automation.RemoveMultiple" tests="2" failures="0" timestamp="03 Nov 2018 09:45:42 GMT" time="47.833" errors="0">
  <testcase name="login" time="43.393" classname="Automation.RemoveMultiple"/>
  <testcase name="my_slidebox" time="4.440" classname="Automation.RemoveMultiple"/>
</testsuite> <!-- Automation.RemoveMultiple -->
