<?xml version="1.0" encoding="UTF-8"?>
<!-- Generated by org.testng.reporters.JUnitReportReporter -->
<testsuite skipped="0" hostname="Venkat" name="Automation.SharingFile" tests="3" failures="0" timestamp="31 Oct 2018 05:16:12 GMT" time="72.081" errors="0">
  <testcase name="login" time="43.402" classname="Automation.SharingFile"/>
  <testcase name="my_slidebox" time="5.247" classname="Automation.SharingFile"/>
  <testcase name="share" time="23.432" classname="Automation.SharingFile"/>
</testsuite> <!-- Automation.SharingFile -->
