<?xml version="1.0" encoding="UTF-8"?>
<!-- Generated by org.testng.reporters.JUnitReportReporter -->
<testsuite skipped="0" hostname="Venkat" name="Automation.Uploadingfiles" tests="3" failures="0" timestamp="29 Oct 2018 11:24:07 GMT" time="63.205" errors="0">
  <testcase name="login" time="32.859" classname="Automation.Uploadingfiles"/>
  <testcase name="upload" time="23.915" classname="Automation.Uploadingfiles"/>
  <testcase name="my_slidebox" time="6.431" classname="Automation.Uploadingfiles"/>
</testsuite> <!-- Automation.Uploadingfiles -->
