<?xml version="1.0" encoding="UTF-8"?>
<!-- Generated by org.testng.reporters.JUnitReportReporter -->
<testsuite skipped="0" hostname="Venkat" name="Automation.RootCreation" tests="3" failures="0" timestamp="23 Oct 2018 04:46:42 GMT" time="72.092" errors="0">
  <testcase name="login" time="29.751" classname="Automation.RootCreation"/>
  <testcase name="my_slidebox" time="5.005" classname="Automation.RootCreation"/>
  <testcase name="create_folder" time="37.336" classname="Automation.RootCreation"/>
</testsuite> <!-- Automation.RootCreation -->
