<?xml version="1.0" encoding="UTF-8"?>
<!-- Generated by org.testng.reporters.JUnitReportReporter -->
<testsuite skipped="0" hostname="Venkat" name="Automation.ShareMultiple" tests="3" failures="0" timestamp="03 Nov 2018 07:22:35 GMT" time="70.542" errors="0">
  <testcase name="login" time="48.602" classname="Automation.ShareMultiple"/>
  <testcase name="my_slidebox" time="5.744" classname="Automation.ShareMultiple"/>
  <testcase name="sharemultiple" time="16.196" classname="Automation.ShareMultiple"/>
</testsuite> <!-- Automation.ShareMultiple -->
