<?xml version="1.0" encoding="UTF-8"?>
<!-- Generated by org.testng.reporters.JUnitReportReporter -->
<testsuite skipped="0" hostname="Venkat" name="Automation.Login" tests="1" failures="0" timestamp="05 Nov 2018 06:49:10 GMT" time="41.329" errors="0">
  <testcase name="login" time="41.329" classname="Automation.Login"/>
</testsuite> <!-- Automation.Login -->
